=== Fraxswap factories from approved routers ===

FACTORY 0xB076B06F669e682609fb4a8C6646D2619717Be4B
14
0x6A7efa964Cf6D9Ab3BC3c47eBdDB853A8853C502

FACTORY 0x43Ec799eadd63848443E2347C49f5f52e8Fe0F6f
28
0x6A7efa964Cf6D9Ab3BC3c47eBdDB853A8853C502

=== Known live pairs from earlier Fraxlend swapper route ===

PAIR 0x8300f0528e00Ad33b218bb05D396F61A9FDd68Cd
0x853d955aCEf822Db058eb8505911ED77F175b99e
0xC02aaA39b223FE8D0A0e5C4F27eAD9083C756Cc2
8
3600
false

PAIR 0x8206412c107eF1aDb70B9277974f5163760E128E
0x3432B6A60D23Ca0dFCa7761B7ab56459D9C964D0
0x853d955aCEf822Db058eb8505911ED77F175b99e
113
3600
false

PAIR 0x5A1eA0130Dc4DC38420AA77929f992f1FBd482Bb
0x5Ca135cB8527d76e932f34B5145575F9d8cbE08E
0x853d955aCEf822Db058eb8505911ED77F175b99e
2
3600
false

PAIR 0x31351Bf3fba544863FBff44DDC27bA880916A199
0x853d955aCEf822Db058eb8505911ED77F175b99e
0xC02aaA39b223FE8D0A0e5C4F27eAD9083C756Cc2
26
3600
false

PAIR 0x03B59Bd1c8B9F6C265bA0c3421923B93f15036Fa
0x3432B6A60D23Ca0dFCa7761B7ab56459D9C964D0
0x853d955aCEf822Db058eb8505911ED77F175b99e
228
3600
false

PAIR 0xd79886841026a39cFF99321140B3c4D31314782B
0x5Ca135cB8527d76e932f34B5145575F9d8cbE08E
0x853d955aCEf822Db058eb8505911ED77F175b99e
1
3600
false
