Compiling 1 files with Solc 0.8.34
Solc 0.8.34 finished in 786.10ms
Compiler run successful with warnings:
Warning (2018): Function state mutability can be restricted to pure
   --> src/contracts/twamm/LongTermOrders.sol:209:5:
    |
209 |     function executeVirtualTradesAndOrderExpiries(
    |     ^ (Relevant source part starts here and spans across multiple lines).


Warning: the following cheatcode(s) are deprecated and will be removed in future versions:
  revertTo(uint256): replaced by `revertToState`
  snapshot(): replaced by `snapshotState`
Ran 1 test for src/test/TwammGasGrowthPoC.t.sol:TwammGasGrowthPoC
[PASS] test_Diagnostic_TWAMM_executeGasGrowth_largeScale() (gas: 759535630)
Logs:
  uniqueExpiryOrders: 250
  executeOk: 1
  executeVirtualOrdersGasOrFailedGas: 9750926
  ---
  uniqueExpiryOrders: 500
  executeOk: 1
  executeVirtualOrdersGasOrFailedGas: 19350176
  ---
  uniqueExpiryOrders: 750
  executeOk: 1
  executeVirtualOrdersGasOrFailedGas: 28949426
  ---
  uniqueExpiryOrders: 1000
  executeOk: 1
  executeVirtualOrdersGasOrFailedGas: 38548676
  ---

Suite result: ok. 1 passed; 0 failed; 0 skipped; finished in 358.09ms (355.75ms CPU time)

Ran 1 test suite in 359.50ms (358.09ms CPU time): 1 tests passed, 0 failed, 0 skipped (1 total tests)
