Compiling 1 files with Solc 0.8.34
Solc 0.8.34 finished in 831.36ms
Compiler run successful with warnings:
Warning (2018): Function state mutability can be restricted to pure
   --> src/contracts/twamm/LongTermOrders.sol:209:5:
    |
209 |     function executeVirtualTradesAndOrderExpiries(
    |     ^ (Relevant source part starts here and spans across multiple lines).


Ran 1 test for src/test/TwammGasGrowthPoC.t.sol:TwammGasGrowthPoC
[PASS] test_POC_TWAMM_expirySpamRepeatableAcrossThreeCycles() (gas: 1043833052)
Logs:
  cycle: 1
  syncUnder30mOkBeforeCatchup: 0
  catchupGas: 37883202
  postClearSyncGas: 17427
  ---
  cycle: 2
  syncUnder30mOkBeforeCatchup: 0
  catchupGas: 37830968
  postClearSyncGas: 12927
  ---
  cycle: 3
  syncUnder30mOkBeforeCatchup: 0
  catchupGas: 37830968
  postClearSyncGas: 12927
  ---

Suite result: ok. 1 passed; 0 failed; 0 skipped; finished in 529.65ms (527.24ms CPU time)

Ran 1 test suite in 531.33ms (529.65ms CPU time): 1 tests passed, 0 failed, 0 skipped (1 total tests)
