Compiling 1 files with Solc 0.8.34
Solc 0.8.34 finished in 874.37ms
Compiler run successful with warnings:
Warning (2018): Function state mutability can be restricted to pure
   --> src/contracts/twamm/LongTermOrders.sol:209:5:
    |
209 |     function executeVirtualTradesAndOrderExpiries(
    |     ^ (Relevant source part starts here and spans across multiple lines).


Warning: the following cheatcode(s) are deprecated and will be removed in future versions:
  revertTo(uint256): replaced by `revertToState`
  snapshot(): replaced by `snapshotState`
Ran 1 test for src/test/TwammGasGrowthPoC.t.sol:TwammGasGrowthPoC
[PASS] test_Diagnostic_TWAMM_sameExpiryVsUniqueExpiryGas() (gas: 554433910)
Logs:
  sameExpiryOrders: 1000
  sameExpiryTokenIn: 4000
  sameExpiryCatchupGas: 4837392
  uniqueExpiryOrders: 1000
  uniqueExpiryTokenIn: 2338
  uniqueExpiryCatchupGas: 37883202

Suite result: ok. 1 passed; 0 failed; 0 skipped; finished in 257.44ms (254.89ms CPU time)

Ran 1 test suite in 258.60ms (257.44ms CPU time): 1 tests passed, 0 failed, 0 skipped (1 total tests)
