Compiling 1 files with Solc 0.8.34
Solc 0.8.34 finished in 917.52ms
Compiler run successful with warnings:
Warning (2018): Function state mutability can be restricted to pure
   --> src/contracts/twamm/LongTermOrders.sol:209:5:
    |
209 |     function executeVirtualTradesAndOrderExpiries(
    |     ^ (Relevant source part starts here and spans across multiple lines).


Warning: the following cheatcode(s) are deprecated and will be removed in future versions:
  revertTo(uint256): replaced by `revertToState`
  snapshot(): replaced by `snapshotState`
Ran 1 test for src/test/TwammGasGrowthPoC.t.sol:TwammGasGrowthPoC
[FAIL: EvmError: OutOfGas] test_Diagnostic_TWAMM_breakingThresholds_30m60m110m() (gas: 1073720760)
Logs:
  uniqueExpiryOrders: 700
  totalTokenIn: 1270
  sync30mOk: 1
  sync60mOk: 1
  sync110mOk: 1
  ---
  uniqueExpiryOrders: 800
  totalTokenIn: 1570
  sync30mOk: 0
  sync60mOk: 1
  sync110mOk: 1
  ---
  uniqueExpiryOrders: 900
  totalTokenIn: 1938
  sync30mOk: 0
  sync60mOk: 1
  sync110mOk: 1
  ---

Suite result: FAILED. 0 passed; 1 failed; 0 skipped; finished in 541.36ms (538.28ms CPU time)

Ran 1 test suite in 543.46ms (541.36ms CPU time): 0 tests passed, 1 failed, 0 skipped (1 total tests)

Failing tests:
Encountered 1 failing test in src/test/TwammGasGrowthPoC.t.sol:TwammGasGrowthPoC
[FAIL: EvmError: OutOfGas] test_Diagnostic_TWAMM_breakingThresholds_30m60m110m() (gas: 1073720760)

Encountered a total of 1 failing tests, 0 tests succeeded

Tip: Run `forge test --rerun` to retry only the 1 failed test
