=== pair basics ===
"FraxlendV1 - Wrapped Ether/Frax - Variable Time-Weighted Interest Rate - 2"
"1.0.0"
0x853d955aCEf822Db058eb8505911ED77F175b99e
0xC02aaA39b223FE8D0A0e5C4F27eAD9083C756Cc2
0x0000000000000000000000000000000000000000
0x5f4eC3Df9cbd43714FE2740f5E3616155c5b8419
0x3da1bf0Be175B7cAa38d67A6E78371947d2F51f7
0x5d6e79Bcf90140585CE88c7119b7E43CAaA67044
0x168200cF227D4543302686124ac28aE0eaf2cA0B
0x118C1462AA28bF2ea304f78f49C3388cfd93234e
false
false
10000000000 [1e10]
75000 [7.5e4]
10000 [1e4]
0
0
1964175882701762858997 [1.964e21]
1488517134988708483016 [1.488e21]
1964163107868701897059 [1.964e21]
1348685609773310874360 [1.348e21]
3223784827917481123 [3.223e18]

=== liquidation selectors / helpers ===
1456353573905812946 [1.456e18]
686646442126061076 [6.866e17]
