No files changed, compilation skipped

Warning: the following cheatcode(s) are deprecated and will be removed in future versions:
  revertTo(uint256): replaced by `revertToState`
  snapshot(): replaced by `snapshotState`
Ran 3 tests for src/test/V1PartialLiquidationWriteoff.t.sol:V1PartialLiquidationWriteoffTest
[PASS] test_POC_V1_findLowestPercentStillSeizesAllCollateral() (gas: 9749146)
Logs:
  lowestPercentBpsStillSeizesAllCollateral: 61000
  repayNeededAtLowestPercent: 610610000000000000000
  lenderWriteoffAtLowestPercent: 390390000000000000000

[PASS] test_POC_V1_liquidationPercentSweep_sameCollateralSelectableWriteoff() (gas: 1539091)
Logs:
  percentBps: 100000
  sharesToLiquidate: 1000000000000000000000
  repayNeeded: 1001000000000000000000
  borrowerCollateralBefore: 2000000000000000000000
  liquidatorCollateralGain: 2000000000000000000000
  lenderWriteoff: 0
  borrowerSharesAfter: 0
  borrowerCollateralAfter: 0
  ---
  percentBps: 99000
  sharesToLiquidate: 990000000000000000000
  repayNeeded: 990990000000000000000
  borrowerCollateralBefore: 2000000000000000000000
  liquidatorCollateralGain: 2000000000000000000000
  lenderWriteoff: 10010000000000000000
  borrowerSharesAfter: 0
  borrowerCollateralAfter: 0
  ---
  percentBps: 95000
  sharesToLiquidate: 950000000000000000000
  repayNeeded: 950950000000000000000
  borrowerCollateralBefore: 2000000000000000000000
  liquidatorCollateralGain: 2000000000000000000000
  lenderWriteoff: 50050000000000000000
  borrowerSharesAfter: 0
  borrowerCollateralAfter: 0
  ---
  percentBps: 90000
  sharesToLiquidate: 900000000000000000000
  repayNeeded: 900900000000000000000
  borrowerCollateralBefore: 2000000000000000000000
  liquidatorCollateralGain: 2000000000000000000000
  lenderWriteoff: 100100000000000000000
  borrowerSharesAfter: 0
  borrowerCollateralAfter: 0
  ---
  percentBps: 75000
  sharesToLiquidate: 750000000000000000000
  repayNeeded: 750750000000000000000
  borrowerCollateralBefore: 2000000000000000000000
  liquidatorCollateralGain: 2000000000000000000000
  lenderWriteoff: 250250000000000000000
  borrowerSharesAfter: 0
  borrowerCollateralAfter: 0
  ---
  percentBps: 50000
  sharesToLiquidate: 500000000000000000000
  repayNeeded: 500500000000000000000
  borrowerCollateralBefore: 2000000000000000000000
  liquidatorCollateralGain: 1636635000000000000000
  lenderWriteoff: 0
  borrowerSharesAfter: 500000000000000000000
  borrowerCollateralAfter: 363365000000000000000
  ---
  percentBps: 25000
  sharesToLiquidate: 250000000000000000000
  repayNeeded: 250250000000000000000
  borrowerCollateralBefore: 2000000000000000000000
  liquidatorCollateralGain: 818317500000000000000
  lenderWriteoff: 0
  borrowerSharesAfter: 750000000000000000000
  borrowerCollateralAfter: 1181682500000000000000
  ---
  percentBps: 10000
  sharesToLiquidate: 100000000000000000000
  repayNeeded: 100100000000000000000
  borrowerCollateralBefore: 2000000000000000000000
  liquidatorCollateralGain: 327327000000000000000
  lenderWriteoff: 0
  borrowerSharesAfter: 900000000000000000000
  borrowerCollateralAfter: 1672673000000000000000
  ---

[PASS] test_POC_V1_partialLiquidationSeizesAllCollateralAndShiftsDebtToLenders() (gas: 310572)
Logs:
  v1_fullRepayNeeded: 1001000000000000000000
  v1_fullCollateralGain: 2000000000000000000000
  v1_fullLenderWriteoff: 0
  v1_partialShares: 750000000000000000000
  v1_partialRepayNeeded: 750750000000000000000
  v1_partialCollateralGain: 2000000000000000000000
  v1_partialLenderWriteoff: 250250000000000000000
  v1_repaySavedByPartialLiquidation: 250250000000000000000
  v1_borrowerSharesAfterPartial: 0
  v1_borrowerCollateralAfterPartial: 0

Suite result: ok. 3 passed; 0 failed; 0 skipped; finished in 20.81ms (23.84ms CPU time)

Ran 1 test suite in 22.36ms (20.81ms CPU time): 3 tests passed, 0 failed, 0 skipped (3 total tests)
