
==============================
PAIR 0x32467a5fc2d72D21E8DCe990906547A2b012f382
==============================
--- name/symbol
"FraxlendV1 - Wrapped BTC/Frax - Variable Time-Weighted Interest Rate - 1"
"FraxlendV1 - WBTC/FRAX"
--- version
32
5
22244937074597041345535687918817492743208931653510314877398361346409823731712 [2.224e76]
--- accounting
828644848442078804033334 [8.286e23]
647659827879986671143216 [6.476e23]
620324077240005217000743 [6.203e23]
434231832895903485567619 [4.342e23]
2973897522 [2.973e9]
--- tokens/config
0x853d955aCEf822Db058eb8505911ED77F175b99e
0x2260FAC5E5542a773Aa44fBCfeDf7C193bc2C599
75000 [7.5e4]
10000 [1e4]
9000
--- liquidate selector static check
0x721b0a47

==============================
PAIR 0x794F6B13FBd7EB7ef10d1ED205c9a416910207Ff
==============================
--- name/symbol
"FraxlendV1 - Wrapped Ether/Frax - Variable Time-Weighted Interest Rate - 2"
"FraxlendV1 - WETH/FRAX"
--- version
32
5
22244937074597041345535687918817492743208931653510314877398361346409823731712 [2.224e76]
--- accounting
1964175882701762858997 [1.964e21]
1488517134988708483016 [1.488e21]
1964163107868701897059 [1.964e21]
1348685609773310874360 [1.348e21]
3223784827917481123 [3.223e18]
--- tokens/config
0x853d955aCEf822Db058eb8505911ED77F175b99e
0xC02aaA39b223FE8D0A0e5C4F27eAD9083C756Cc2
75000 [7.5e4]
10000 [1e4]
9000
--- liquidate selector static check
0x721b0a47

==============================
PAIR 0xc4d57603D47FB842EC11A5332748f9F96d44cbEB
==============================
--- name/symbol
"FraxlendV1 - Curve DAO Token/Frax - Variable Time-Weighted Interest Rate - 3"
"FraxlendV1 - CRV/FRAX"
--- version
32
5
22244937074597041345535687918817492743208931653510314877398361346409823731712 [2.224e76]
--- accounting
46113295481143891228 [4.611e19]
46031243353953243734 [4.603e19]
0
0
0
--- tokens/config
0x853d955aCEf822Db058eb8505911ED77F175b99e
0xD533a949740bb3306d119CC777fa900bA034cd52
75000 [7.5e4]
10000 [1e4]
9000
--- liquidate selector static check
0x721b0a47

==============================
PAIR 0xa1D100a5bf6BFd2736837c97248853D989a9ED84
==============================
--- name/symbol
"FraxlendV1 - Convex Token/Frax - Variable Time-Weighted Interest Rate - 4"
"FraxlendV1 - CVX/FRAX"
--- version
32
5
22244937074597041345535687918817492743208931653510314877398361346409823731712 [2.224e76]
--- accounting
36187209666330531599659 [3.618e22]
27436176550015907629769 [2.743e22]
16070655666513852928955 [1.607e22]
10455970671076776684314 [1.045e22]
21625663767727120361407 [2.162e22]
--- tokens/config
0x853d955aCEf822Db058eb8505911ED77F175b99e
0x4e3FBD56CD56c3e72c1403e103b45Db9da5B9D2B
75000 [7.5e4]
10000 [1e4]
9000
--- liquidate selector static check
0x721b0a47

==============================
PAIR 0xDbe88DBAc39263c47629ebbA02b3eF4cf0752A72
==============================
--- name/symbol
"FraxlendV1 - Frax Share/Frax - Variable Time-Weighted Interest Rate - 5"
"FraxlendV1 - FXS/FRAX"
--- version
32
5
22244937074597041345535687918817492743208931653510314877398361346409823731712 [2.224e76]
--- accounting
238670791053976810554498 [2.386e23]
187069447818050734872032 [1.87e23]
9541501919499466335528 [9.541e21]
6451767992002913813899 [6.451e21]
65886536840703547715511 [6.588e22]
--- tokens/config
0x853d955aCEf822Db058eb8505911ED77F175b99e
0x3432B6A60D23Ca0dFCa7761B7ab56459D9C964D0
75000 [7.5e4]
10000 [1e4]
9000
--- liquidate selector static check
0x721b0a47

==============================
PAIR 0x3835a58CA93Cdb5f912519ad366826aC9a752510
==============================
--- name/symbol
"FraxlendV1 - Curve DAO Token/Frax - Variable Time-Weighted Interest Rate - 6"
"FraxlendV1 - CRV/FRAX"
--- version
32
5
22244937074597041345535687918817492743208931653510314877398361346409823731712 [2.224e76]
--- accounting
18019731301983313923174 [1.801e22]
13398828262019539466355 [1.339e22]
15427078882355329341958 [1.542e22]
9776173145562805462414 [9.776e21]
148819041213356439042497 [1.488e23]
--- tokens/config
0x853d955aCEf822Db058eb8505911ED77F175b99e
0xD533a949740bb3306d119CC777fa900bA034cd52
75000 [7.5e4]
10000 [1e4]
9000
--- liquidate selector static check
0x721b0a47

==============================
PAIR 0x50E627a1DF8D665524942aD7eC6392b6BA60293a
==============================
--- name/symbol
"FraxlendV1 - Frax Price Index/Frax - Variable Time-Weighted Interest Rate - 7"
"fFRAX(FPI)"
--- version
32
5
22244943976343388136099475353573355020234384104619287047784916508934047531008 [2.224e76]
--- accounting
257177099349081653860 [2.571e20]
254491384538638133101 [2.544e20]
15689357116444998205 [1.568e19]
15479764237523850697 [1.547e19]
37793265365384061970 [3.779e19]
--- tokens/config
0x853d955aCEf822Db058eb8505911ED77F175b99e
0x5Ca135cB8527d76e932f34B5145575F9d8cbE08E
95000 [9.5e4]
3000
2700
--- liquidate selector static check
0x721b0a47

==============================
PAIR 0xF1b3Cbc51a7483C656af9Aa09F319a3b66aD5e04
==============================
--- name/symbol
"FraxlendV1 - ezETH/Frax - Variable Time-Weighted Interest Rate - 8"
"fFRAX(ezETH)"
--- version
32
5
22244943976343388136099475353573355020234384104619287047784916508934047531008 [2.224e76]
--- accounting
90000000000000000000 [9e19]
90000000000000000000 [9e19]
89000000000000000000 [8.9e19]
89000000000000000000 [8.9e19]
100000000000000000000 [1e20]
--- tokens/config
0x853d955aCEf822Db058eb8505911ED77F175b99e
0xaf620E6913Fc52AcF7C5a5e08Bd4Cb8aa64Be211
75000 [7.5e4]
10000 [1e4]
9000
--- liquidate selector static check
0x721b0a47
