
==============================
ORACLE 0x27942aFe4EcB7F9945168094e0749CAC749aC97B
==============================
"sfrxETH / USD"
18
129127208515966891035 [1.291e20]
2151826679330662085874 [2.151e21]
1780445441 [1.78e9]
1780445459 [1.78e9]
129127208515966891035 [1.291e20]

==============================
ORACLE 0x5f4eC3Df9cbd43714FE2740f5E3616155c5b8419
==============================
"ETH / USD"
8
129127208515966891035 [1.291e20]
186295262000 [1.862e11]
1780445441 [1.78e9]
1780445459 [1.78e9]
129127208515966891035 [1.291e20]

==============================
ORACLE 0x6Ebc52C8C1089be9eB3945C4350B68B8E4C2233f
==============================
"FXS / USD"
8
36893488147419108245 [3.689e19]
38052395 [3.805e7]
1780440771 [1.78e9]
1780440791 [1.78e9]
36893488147419108245 [3.689e19]

==============================
ORACLE 0xCd627aA160A6fA45Eb793D19Ef54f5062F20f33f
==============================
"CRV / USD"
8
36893488147419122197 [3.689e19]
20016000 [2.001e7]
1780444681 [1.78e9]
1780444703 [1.78e9]
36893488147419122197 [3.689e19]

==============================
ORACLE 0xF4030086522a5bEEa4988F8cA5B36dbC97BeE88c
==============================
"BTC / USD"
8
129127208515966882362 [1.291e20]
6664206757843 [6.664e12]
1780443888 [1.78e9]
1780443911 [1.78e9]
129127208515966882362 [1.291e20]

==============================
ORACLE 0xd2516e709a2e9D64F66B4c4009efE4F74F5FA40D
==============================
"FPI / USD"
18
0
1157936071624911625 [1.157e18]
0
0
0

==============================
ORACLE 0xd962fC30A72A84cE50161031391756Bf2876Af5D
==============================
"CVX / USD"
8
36893488147419108818 [3.689e19]
141459501 [1.414e8]
1780442290 [1.78e9]
1780442303 [1.78e9]
36893488147419108818 [3.689e19]
