Compiling 1 files with Solc 0.8.25
Solc 0.8.25 finished in 2.79s
Compiler run successful!

Ran 1 test for src/test/FraxswapTwammStalePairOOGPoC.t.sol:FraxswapTwammStalePairOOGPoC
[PASS] test_staleUnpausedPairOperationsExceedGasLimit() (gas: 60051931)
Logs:
  paused: 0
  nextOrderId: 1
  reserve0: 100505041932678114456
  reserve1: 106983936568102153668
  blockTimestampLast: 1679594879
  lastVirtualOrderTimestamp: 1679594879
  orderTimeInterval: 3600
  elapsed seconds: 101063232
  elapsed intervals: 28073
  sync reverted/OOG with 30M cap
  executeVirtualOrders reverted/OOG with 30M cap
  sync ok: 0
  execute ok: 0

Traces:
  [60051931] FraxswapTwammStalePairOOGPoC::test_staleUnpausedPairOperationsExceedGasLimit()
    ├─ [2400] FraxswapPair::newSwapsPaused() [staticcall]
    │   └─ ← [Return] false
    ├─ emit log_named_uint(key: "paused", val: 0)
    ├─ [2360] FraxswapPair::getNextOrderID() [staticcall]
    │   └─ ← [Return] 1
    ├─ emit log_named_uint(key: "nextOrderId", val: 1)
    ├─ [2470] FraxswapPair::getReserves() [staticcall]
    │   └─ ← [Return] 100505041932678114456 [1.005e20], 106983936568102153668 [1.069e20], 1679594879 [1.679e9]
    ├─ emit log_named_uint(key: "reserve0", val: 100505041932678114456 [1.005e20])
    ├─ emit log_named_uint(key: "reserve1", val: 106983936568102153668 [1.069e20])
    ├─ emit log_named_uint(key: "blockTimestampLast", val: 1679594879 [1.679e9])
    ├─ [10879] FraxswapPair::getTwammState() [staticcall]
    │   └─ ← [Return] 0, 0, 1679594879 [1.679e9], 3600, 0, 31483919550579051809204422509363267601 [3.148e37]
    ├─ emit log_named_uint(key: "lastVirtualOrderTimestamp", val: 1679594879 [1.679e9])
    ├─ emit log_named_uint(key: "orderTimeInterval", val: 3600)
    ├─ emit log_named_uint(key: "elapsed seconds", val: 101063232 [1.01e8])
    ├─ emit log_named_uint(key: "elapsed intervals", val: 28073 [2.807e4])
    ├─ [400] FraxswapPair::newSwapsPaused() [staticcall]
    │   └─ ← [Return] false
    ├─ [30000000] FraxswapPair::sync()
    │   └─ ← [OutOfGas] EvmError: OutOfGas
    ├─ emit log_string(val: "sync reverted/OOG with 30M cap")
    ├─ [0] VM::snapshotState()
    │   └─ ← [Return] 0
    ├─ [30000000] FraxswapPair::executeVirtualOrders(1780658111 [1.78e9])
    │   └─ ← [OutOfGas] EvmError: OutOfGas
    ├─ emit log_string(val: "executeVirtualOrders reverted/OOG with 30M cap")
    ├─ [0] VM::revertToState(0)
    │   └─ ← [Return] true
    ├─ emit log_named_uint(key: "sync ok", val: 0)
    ├─ emit log_named_uint(key: "execute ok", val: 0)
    └─ ← [Return]

Suite result: ok. 1 passed; 0 failed; 0 skipped; finished in 900.63s (900.12s CPU time)

Ran 1 test suite in 902.01s (900.63s CPU time): 1 tests passed, 0 failed, 0 skipped (1 total tests)
